#
# There is insufficient memory for the Java Runtime Environment to continue.
# Native memory allocation (malloc) failed to allocate 32744 bytes for ChunkPool::allocate
# Possible reasons:
#   The system is out of physical RAM or swap space
#   In 32 bit mode, the process size limit was hit
# Possible solutions:
#   Reduce memory load on the system
#   Increase physical memory or swap space
#   Check if swap backing store is full
#   Use 64 bit Java on a 64 bit OS
#   Decrease Java heap size (-Xmx/-Xms)
#   Decrease number of Java threads
#   Decrease Java thread stack sizes (-Xss)
#   Set larger code cache with -XX:ReservedCodeCacheSize=
# This output file may be truncated or incomplete.
#
#  Out of Memory Error (allocation.cpp:273), pid=16568, tid=0x0000000000005fe0
#
# JRE version: OpenJDK Runtime Environment (8.0_152-b01) (build 1.8.0_152-release-1248-b01)
# Java VM: OpenJDK 64-Bit Server VM (25.152-b01 mixed mode windows-amd64 compressed oops)
# Failed to write core dump. Minidumps are not enabled by default on client versions of Windows
#

---------------  T H R E A D  ---------------

Current thread (0x0000000015f29800):  JavaThread "C2 CompilerThread0" daemon [_thread_in_native, id=24544, stack(0x0000000017590000,0x0000000017690000)]

Stack: [0x0000000017590000,0x0000000017690000]
[error occurred during error reporting (printing stack bounds), id 0xc0000005]

Native frames: (J=compiled Java code, j=interpreted, Vv=VM code, C=native code)


Current CompileTask:
C2:   5872 3488       4       org.jetbrains.kotlin.protobuf.FieldSet::isInitialized (83 bytes)


---------------  P R O C E S S  ---------------

Java Threads: ( => current thread )
  0x0000000018128000 JavaThread "RMI RenewClean-[127.0.0.1:38722,org.jetbrains.kotlin.daemon.common.LoopbackNetworkInterface$ClientLoopbackSocketFactory@3749f0f8]" daemon [_thread_blocked, id=17944, stack(0x0000000019510000,0x0000000019610000)]
  0x0000000018108800 JavaThread "RMI TCP Connection(2)-127.0.0.1" daemon [_thread_in_vm, id=16608, stack(0x0000000019410000,0x0000000019510000)]
  0x000000001810f000 JavaThread "RMI Scheduler(0)" daemon [_thread_blocked, id=26368, stack(0x0000000019310000,0x0000000019410000)]
  0x0000000018116000 JavaThread "RMI TCP Connection(1)-127.0.0.1" daemon [_thread_in_native, id=17224, stack(0x0000000019210000,0x0000000019310000)]
  0x00000000024b2800 JavaThread "DestroyJavaVM" [_thread_blocked, id=22644, stack(0x0000000002370000,0x0000000002470000)]
  0x000000001807e800 JavaThread "GC Daemon" daemon [_thread_blocked, id=20428, stack(0x0000000018dd0000,0x0000000018ed0000)]
  0x000000001807d800 JavaThread "RMI Reaper" [_thread_blocked, id=18420, stack(0x0000000018cd0000,0x0000000018dd0000)]
  0x0000000017f4d800 JavaThread "Timer-0" daemon [_thread_blocked, id=13324, stack(0x0000000018ad0000,0x0000000018bd0000)]
  0x0000000017f08000 JavaThread "RMI TCP Accept-17603" daemon [_thread_in_native, id=15940, stack(0x00000000189d0000,0x0000000018ad0000)]
  0x00000000178b3800 JavaThread "Service Thread" daemon [_thread_blocked, id=26320, stack(0x0000000017c90000,0x0000000017d90000)]
  0x0000000015f20000 JavaThread "C1 CompilerThread2" daemon [_thread_blocked, id=20732, stack(0x0000000017790000,0x0000000017890000)]
  0x0000000015f1d800 JavaThread "C2 CompilerThread1" daemon [_thread_in_native, id=20748, stack(0x0000000017690000,0x0000000017790000)]
=>0x0000000015f29800 JavaThread "C2 CompilerThread0" daemon [_thread_in_native, id=24544, stack(0x0000000017590000,0x0000000017690000)]
  0x0000000015f28800 JavaThread "Attach Listener" daemon [_thread_blocked, id=15608, stack(0x0000000017490000,0x0000000017590000)]
  0x0000000015f27000 JavaThread "Signal Dispatcher" daemon [_thread_blocked, id=20184, stack(0x0000000017390000,0x0000000017490000)]
  0x00000000025ae800 JavaThread "Finalizer" daemon [_thread_blocked, id=25504, stack(0x00000000171a0000,0x00000000172a0000)]
  0x00000000025a3800 JavaThread "Reference Handler" daemon [_thread_blocked, id=22548, stack(0x00000000170a0000,0x00000000171a0000)]

Other Threads:
  0x0000000015ee7800 VMThread [stack: 0x0000000016fa0000,0x00000000170a0000] [id=6428]
  0x00000000178c4000 WatcherThread [stack: 0x0000000017d90000,0x0000000017e90000] [id=2208]

VM state:not at safepoint (normal execution)

VM Mutex/Monitor currently owned by a thread: None

Heap:
 PSYoungGen      total 93184K, used 34480K [0x00000000e0000000, 0x00000000ead80000, 0x0000000100000000)
  eden space 85504K, 40% used [0x00000000e0000000,0x00000000e21ac3d0,0x00000000e5380000)
  from space 7680K, 0% used [0x00000000e6780000,0x00000000e6780000,0x00000000e6f00000)
  to   space 20480K, 0% used [0x00000000e5380000,0x00000000e5380000,0x00000000e6780000)
 ParOldGen       total 152576K, used 22389K [0x00000000a0000000, 0x00000000a9500000, 0x00000000e0000000)
  object space 152576K, 14% used [0x00000000a0000000,0x00000000a15dd428,0x00000000a9500000)
 Metaspace       used 39020K, capacity 39719K, committed 40112K, reserved 1083392K
  class space    used 5075K, capacity 5274K, committed 5296K, reserved 1048576K

Card table byte_map: [0x0000000011970000,0x0000000011c80000] byte_map_base: 0x0000000011470000

Marking Bits: (ParMarkBitMap*) 0x0000000076de5aa0
 Begin Bits: [0x0000000012280000, 0x0000000013a80000)
 End Bits:   [0x0000000013a80000, 0x0000000015280000)

Polling page: 0x0000000000b40000

CodeCache: size=245760Kb used=10942Kb max_used=10944Kb free=234817Kb
 bounds [0x00000000025b0000, 0x0000000003070000, 0x00000000115b0000]
 total_blobs=3952 nmethods=3479 adapters=385
 compilation: enabled

Compilation events (10 events):
Event: 5.855 Thread 0x0000000015f20000 3490       3       org.jetbrains.kotlin.metadata.ProtoBuf$QualifiedNameTable$QualifiedName$1::parsePartialFrom (11 bytes)
Event: 5.855 Thread 0x0000000015f20000 nmethod 3490 0x0000000003069890 code [0x0000000003069a00, 0x0000000003069c48]
Event: 5.855 Thread 0x0000000015f20000 3491       3       org.jetbrains.kotlin.metadata.ProtoBuf$QualifiedNameTable$QualifiedName::<init> (7 bytes)
Event: 5.855 Thread 0x0000000015f20000 nmethod 3491 0x00000000030694d0 code [0x0000000003069640, 0x00000000030697c8]
Event: 5.860 Thread 0x0000000015f20000 3492       1       java.lang.invoke.MethodHandle::internalForm (5 bytes)
Event: 5.860 Thread 0x0000000015f20000 nmethod 3492 0x0000000003062150 code [0x00000000030622a0, 0x00000000030623b0]
Event: 5.864 Thread 0x0000000015f20000 3493       1       kotlin.ranges.IntProgressionIterator::hasNext (5 bytes)
Event: 5.864 Thread 0x0000000015f20000 nmethod 3493 0x0000000003069210 code [0x0000000003069360, 0x0000000003069470]
Event: 5.864 Thread 0x0000000015f20000 3494       3       gnu.trove.THashMap::setUp (30 bytes)
Event: 5.865 Thread 0x0000000015f20000 nmethod 3494 0x0000000003068590 code [0x0000000003068740, 0x0000000003068e98]

GC Heap History (10 events):
Event: 2.077 GC heap before
{Heap before GC invocations=5 (full 2):
 PSYoungGen      total 54784K, used 7657K [0x00000000e0000000, 0x00000000e6b00000, 0x0000000100000000)
  eden space 47104K, 0% used [0x00000000e0000000,0x00000000e0000000,0x00000000e2e00000)
  from space 7680K, 99% used [0x00000000e2e00000,0x00000000e357a5d0,0x00000000e3580000)
  to   space 7680K, 0% used [0x00000000e6380000,0x00000000e6380000,0x00000000e6b00000)
 ParOldGen       total 125952K, used 6734K [0x00000000a0000000, 0x00000000a7b00000, 0x00000000e0000000)
  object space 125952K, 5% used [0x00000000a0000000,0x00000000a0693b98,0x00000000a7b00000)
 Metaspace       used 20783K, capacity 21106K, committed 21296K, reserved 1069056K
  class space    used 2450K, capacity 2567K, committed 2608K, reserved 1048576K
Event: 2.113 GC heap after
Heap after GC invocations=5 (full 2):
 PSYoungGen      total 54784K, used 0K [0x00000000e0000000, 0x00000000e6b00000, 0x0000000100000000)
  eden space 47104K, 0% used [0x00000000e0000000,0x00000000e0000000,0x00000000e2e00000)
  from space 7680K, 0% used [0x00000000e2e00000,0x00000000e2e00000,0x00000000e3580000)
  to   space 7680K, 0% used [0x00000000e6380000,0x00000000e6380000,0x00000000e6b00000)
 ParOldGen       total 88064K, used 9768K [0x00000000a0000000, 0x00000000a5600000, 0x00000000e0000000)
  object space 88064K, 11% used [0x00000000a0000000,0x00000000a098a310,0x00000000a5600000)
 Metaspace       used 20783K, capacity 21106K, committed 21296K, reserved 1069056K
  class space    used 2450K, capacity 2567K, committed 2608K, reserved 1048576K
}
Event: 2.841 GC heap before
{Heap before GC invocations=6 (full 2):
 PSYoungGen      total 54784K, used 47104K [0x00000000e0000000, 0x00000000e6b00000, 0x0000000100000000)
  eden space 47104K, 100% used [0x00000000e0000000,0x00000000e2e00000,0x00000000e2e00000)
  from space 7680K, 0% used [0x00000000e2e00000,0x00000000e2e00000,0x00000000e3580000)
  to   space 7680K, 0% used [0x00000000e6380000,0x00000000e6380000,0x00000000e6b00000)
 ParOldGen       total 88064K, used 9768K [0x00000000a0000000, 0x00000000a5600000, 0x00000000e0000000)
  object space 88064K, 11% used [0x00000000a0000000,0x00000000a098a310,0x00000000a5600000)
 Metaspace       used 26840K, capacity 27290K, committed 27568K, reserved 1073152K
  class space    used 3510K, capacity 3641K, committed 3760K, reserved 1048576K
Event: 2.859 GC heap after
Heap after GC invocations=6 (full 2):
 PSYoungGen      total 76288K, used 7663K [0x00000000e0000000, 0x00000000e6b00000, 0x0000000100000000)
  eden space 68608K, 0% used [0x00000000e0000000,0x00000000e0000000,0x00000000e4300000)
  from space 7680K, 99% used [0x00000000e6380000,0x00000000e6afbfc0,0x00000000e6b00000)
  to   space 7680K, 0% used [0x00000000e5c00000,0x00000000e5c00000,0x00000000e6380000)
 ParOldGen       total 88064K, used 12437K [0x00000000a0000000, 0x00000000a5600000, 0x00000000e0000000)
  object space 88064K, 14% used [0x00000000a0000000,0x00000000a0c25798,0x00000000a5600000)
 Metaspace       used 26840K, capacity 27290K, committed 27568K, reserved 1073152K
  class space    used 3510K, capacity 3641K, committed 3760K, reserved 1048576K
}
Event: 4.268 GC heap before
{Heap before GC invocations=7 (full 2):
 PSYoungGen      total 76288K, used 76271K [0x00000000e0000000, 0x00000000e6b00000, 0x0000000100000000)
  eden space 68608K, 100% used [0x00000000e0000000,0x00000000e4300000,0x00000000e4300000)
  from space 7680K, 99% used [0x00000000e6380000,0x00000000e6afbfc0,0x00000000e6b00000)
  to   space 7680K, 0% used [0x00000000e5c00000,0x00000000e5c00000,0x00000000e6380000)
 ParOldGen       total 88064K, used 12437K [0x00000000a0000000, 0x00000000a5600000, 0x00000000e0000000)
  object space 88064K, 14% used [0x00000000a0000000,0x00000000a0c25798,0x00000000a5600000)
 Metaspace       used 29703K, capacity 30265K, committed 30512K, reserved 1075200K
  class space    used 3865K, capacity 4035K, committed 4144K, reserved 1048576K
Event: 4.288 GC heap after
Heap after GC invocations=7 (full 2):
 PSYoungGen      total 101888K, used 7651K [0x00000000e0000000, 0x00000000e6f00000, 0x0000000100000000)
  eden space 94208K, 0% used [0x00000000e0000000,0x00000000e0000000,0x00000000e5c00000)
  from space 7680K, 99% used [0x00000000e5c00000,0x00000000e6378fa0,0x00000000e6380000)
  to   space 7680K, 0% used [0x00000000e6780000,0x00000000e6780000,0x00000000e6f00000)
 ParOldGen       total 88064K, used 17879K [0x00000000a0000000, 0x00000000a5600000, 0x00000000e0000000)
  object space 88064K, 20% used [0x00000000a0000000,0x00000000a1175df8,0x00000000a5600000)
 Metaspace       used 29703K, capacity 30265K, committed 30512K, reserved 1075200K
  class space    used 3865K, capacity 4035K, committed 4144K, reserved 1048576K
}
Event: 5.205 GC heap before
{Heap before GC invocations=8 (full 2):
 PSYoungGen      total 101888K, used 67970K [0x00000000e0000000, 0x00000000e6f00000, 0x0000000100000000)
  eden space 94208K, 64% used [0x00000000e0000000,0x00000000e3ae7c58,0x00000000e5c00000)
  from space 7680K, 99% used [0x00000000e5c00000,0x00000000e6378fa0,0x00000000e6380000)
  to   space 7680K, 0% used [0x00000000e6780000,0x00000000e6780000,0x00000000e6f00000)
 ParOldGen       total 88064K, used 17879K [0x00000000a0000000, 0x00000000a5600000, 0x00000000e0000000)
  object space 88064K, 20% used [0x00000000a0000000,0x00000000a1175df8,0x00000000a5600000)
 Metaspace       used 34583K, capacity 35217K, committed 35496K, reserved 1081344K
  class space    used 4434K, capacity 4629K, committed 4656K, reserved 1048576K
Event: 5.227 GC heap after
Heap after GC invocations=8 (full 2):
 PSYoungGen      total 93184K, used 7674K [0x00000000e0000000, 0x00000000ead80000, 0x0000000100000000)
  eden space 85504K, 0% used [0x00000000e0000000,0x00000000e0000000,0x00000000e5380000)
  from space 7680K, 99% used [0x00000000e6780000,0x00000000e6efe9c0,0x00000000e6f00000)
  to   space 20480K, 0% used [0x00000000e5380000,0x00000000e5380000,0x00000000e6780000)
 ParOldGen       total 88064K, used 29149K [0x00000000a0000000, 0x00000000a5600000, 0x00000000e0000000)
  object space 88064K, 33% used [0x00000000a0000000,0x00000000a1c77620,0x00000000a5600000)
 Metaspace       used 34583K, capacity 35217K, committed 35496K, reserved 1081344K
  class space    used 4434K, capacity 4629K, committed 4656K, reserved 1048576K
}
Event: 5.227 GC heap before
{Heap before GC invocations=9 (full 3):
 PSYoungGen      total 93184K, used 7674K [0x00000000e0000000, 0x00000000ead80000, 0x0000000100000000)
  eden space 85504K, 0% used [0x00000000e0000000,0x00000000e0000000,0x00000000e5380000)
  from space 7680K, 99% used [0x00000000e6780000,0x00000000e6efe9c0,0x00000000e6f00000)
  to   space 20480K, 0% used [0x00000000e5380000,0x00000000e5380000,0x00000000e6780000)
 ParOldGen       total 88064K, used 29149K [0x00000000a0000000, 0x00000000a5600000, 0x00000000e0000000)
  object space 88064K, 33% used [0x00000000a0000000,0x00000000a1c77620,0x00000000a5600000)
 Metaspace       used 34583K, capacity 35217K, committed 35496K, reserved 1081344K
  class space    used 4434K, capacity 4629K, committed 4656K, reserved 1048576K
Event: 5.332 GC heap after
Heap after GC invocations=9 (full 3):
 PSYoungGen      total 93184K, used 0K [0x00000000e0000000, 0x00000000ead80000, 0x0000000100000000)
  eden space 85504K, 0% used [0x00000000e0000000,0x00000000e0000000,0x00000000e5380000)
  from space 7680K, 0% used [0x00000000e6780000,0x00000000e6780000,0x00000000e6f00000)
  to   space 20480K, 0% used [0x00000000e5380000,0x00000000e5380000,0x00000000e6780000)
 ParOldGen       total 152576K, used 22389K [0x00000000a0000000, 0x00000000a9500000, 0x00000000e0000000)
  object space 152576K, 14% used [0x00000000a0000000,0x00000000a15dd428,0x00000000a9500000)
 Metaspace       used 34583K, capacity 35217K, committed 35496K, reserved 1081344K
  class space    used 4434K, capacity 4629K, committed 4656K, reserved 1048576K
}

Deoptimization events (10 events):
Event: 5.346 Thread 0x0000000018108800 Uncommon trap: reason=bimorphic action=maybe_recompile pc=0x0000000002b5a3e4 method=gnu.trove.TObjectHash.computeHashCode(Ljava/lang/Object;)I @ 5
Event: 5.347 Thread 0x0000000018108800 Uncommon trap: reason=unstable_if action=reinterpret pc=0x0000000002d665fc method=gnu.trove.TIntArrayList.ensureCapacity(I)V @ 4
Event: 5.347 Thread 0x0000000018108800 Uncommon trap: reason=bimorphic action=maybe_recompile pc=0x0000000002b5a3e4 method=gnu.trove.TObjectHash.computeHashCode(Ljava/lang/Object;)I @ 5
Event: 5.371 Thread 0x0000000018108800 Uncommon trap: reason=unstable_if action=reinterpret pc=0x0000000002f7f678 method=java.lang.reflect.Method.equals(Ljava/lang/Object;)Z @ 49
Event: 5.682 Thread 0x0000000018108800 Uncommon trap: reason=unstable_if action=reinterpret pc=0x0000000002deb4ac method=org.jetbrains.kotlin.protobuf.CodedInputStream.readRawVarint32()I @ 10
Event: 5.832 Thread 0x0000000018108800 Uncommon trap: reason=unstable_if action=reinterpret pc=0x0000000002756d18 method=sun.nio.cs.UTF_8$Encoder.encode([CII[B)I @ 33
Event: 5.832 Thread 0x0000000018108800 Uncommon trap: reason=unstable_if action=reinterpret pc=0x00000000028daa84 method=sun.net.www.ParseUtil.encodePath(Ljava/lang/String;Z)Ljava/lang/String; @ 81
Event: 5.858 Thread 0x0000000018108800 Uncommon trap: reason=bimorphic action=maybe_recompile pc=0x0000000002b5a884 method=gnu.trove.TObjectHash.equals(Ljava/lang/Object;Ljava/lang/Object;)Z @ 6
Event: 5.858 Thread 0x0000000018108800 Uncommon trap: reason=bimorphic action=maybe_recompile pc=0x0000000002b5a884 method=gnu.trove.TObjectHash.equals(Ljava/lang/Object;Ljava/lang/Object;)Z @ 6
Event: 5.858 Thread 0x0000000018108800 Uncommon trap: reason=bimorphic action=maybe_recompile pc=0x0000000002b5a884 method=gnu.trove.TObjectHash.equals(Ljava/lang/Object;Ljava/lang/Object;)Z @ 6

Classes redefined (0 events):
No events

Internal exceptions (10 events):
Event: 3.179 Thread 0x0000000018108800 Exception <a 'java/lang/NoSuchMethodError': java.lang.Object.lambda$static$0(I)[Lorg/jetbrains/kotlin/com/intellij/psi/PsiTypeElement;> (0x00000000e061a868) thrown at [D:\src\AOSP-openjdk-cygwin\jdk8u\hotspot\src\share\vm\interpreter\linkResolver.cpp, lin
Event: 3.221 Thread 0x0000000018108800 Exception <a 'java/lang/NoSuchMethodError': java.lang.Object.lambda$static$0(I)[Lorg/jetbrains/kotlin/com/intellij/psi/PsiClass;> (0x00000000e0698318) thrown at [D:\src\AOSP-openjdk-cygwin\jdk8u\hotspot\src\share\vm\interpreter\linkResolver.cpp, line 584]
Event: 4.394 Thread 0x0000000018108800 Exception <a 'java/io/FileNotFoundException'> (0x00000000e0af12f0) thrown at [D:\src\AOSP-openjdk-cygwin\jdk8u\hotspot\src\share\vm\prims\jni.cpp, line 709]
Event: 4.398 Thread 0x0000000018108800 Exception <a 'sun/nio/fs/WindowsException'> (0x00000000e0b11b20) thrown at [D:\src\AOSP-openjdk-cygwin\jdk8u\hotspot\src\share\vm\prims\jni.cpp, line 709]
Event: 4.398 Thread 0x0000000018108800 Exception <a 'java/lang/reflect/InvocationTargetException'> (0x00000000e0b126c0) thrown at [D:\src\AOSP-openjdk-cygwin\jdk8u\hotspot\src\share\vm\runtime\reflection.cpp, line 1092]
Event: 4.400 Thread 0x0000000018108800 Exception <a 'sun/nio/fs/WindowsException'> (0x00000000e0b15918) thrown at [D:\src\AOSP-openjdk-cygwin\jdk8u\hotspot\src\share\vm\prims\jni.cpp, line 709]
Event: 4.400 Thread 0x0000000018108800 Exception <a 'java/lang/reflect/InvocationTargetException'> (0x00000000e0b16510) thrown at [D:\src\AOSP-openjdk-cygwin\jdk8u\hotspot\src\share\vm\runtime\reflection.cpp, line 1092]
Event: 4.400 Thread 0x0000000018108800 Exception <a 'java/io/FileNotFoundException'> (0x00000000e0b16f90) thrown at [D:\src\AOSP-openjdk-cygwin\jdk8u\hotspot\src\share\vm\prims\jni.cpp, line 709]
Event: 4.400 Thread 0x0000000018108800 Exception <a 'java/io/FileNotFoundException'> (0x00000000e0b18670) thrown at [D:\src\AOSP-openjdk-cygwin\jdk8u\hotspot\src\share\vm\prims\jni.cpp, line 709]
Event: 5.347 Thread 0x0000000018108800 Implicit null exception at 0x0000000002d66414 to 0x0000000002d665ec

Events (10 events):
Event: 5.864 loading class org/jetbrains/kotlin/com/intellij/util/containers/IntArrayList
Event: 5.864 loading class org/jetbrains/kotlin/com/intellij/util/containers/IntArrayList done
Event: 5.865 loading class org/jetbrains/kotlin/cli/jvm/index/JvmDependenciesIndexImpl$WhenMappings
Event: 5.865 loading class org/jetbrains/kotlin/cli/jvm/index/JvmDependenciesIndexImpl$WhenMappings done
Event: 5.865 loading class org/jetbrains/kotlin/cli/jvm/index/JvmDependenciesIndexImpl$FindClassRequest
Event: 5.866 loading class org/jetbrains/kotlin/cli/jvm/index/JvmDependenciesIndexImpl$FindClassRequest done
Event: 5.866 loading class org/jetbrains/kotlin/com/intellij/psi/impl/file/PsiPackageImpl
Event: 5.866 loading class org/jetbrains/kotlin/com/intellij/psi/impl/file/PsiPackageImpl done
Event: 5.867 loading class org/jetbrains/kotlin/com/intellij/psi/impl/file/PsiPackageBase
Event: 5.867 loading class org/jetbrains/kotlin/com/intellij/psi/impl/file/PsiPackageBase done


Dynamic libraries:
0x00007ff720490000 - 0x00007ff7204c1000 	C:\Program Files\Android\Android Studio\jre\jre\bin\java.exe
0x00007ffb8f300000 - 0x00007ffb8f4e1000 	C:\Windows\SYSTEM32\ntdll.dll
0x00007ffb8f170000 - 0x00007ffb8f222000 	C:\Windows\System32\KERNEL32.DLL
0x00007ffb8bad0000 - 0x00007ffb8bd43000 	C:\Windows\System32\KERNELBASE.dll
0x00007ffb89270000 - 0x00007ffb892fb000 	C:\Windows\SYSTEM32\apphelp.dll
0x00007ffb8cae0000 - 0x00007ffb8cb81000 	C:\Windows\System32\ADVAPI32.dll
0x00007ffb8cd10000 - 0x00007ffb8cdae000 	C:\Windows\System32\msvcrt.dll
0x00007ffb8ca80000 - 0x00007ffb8cadb000 	C:\Windows\System32\sechost.dll
0x00007ffb8cdb0000 - 0x00007ffb8ced4000 	C:\Windows\System32\RPCRT4.dll
0x00007ffb8d2d0000 - 0x00007ffb8d460000 	C:\Windows\System32\USER32.dll
0x00007ffb8b910000 - 0x00007ffb8b930000 	C:\Windows\System32\win32u.dll
0x00007ffb8e8a0000 - 0x00007ffb8e8c8000 	C:\Windows\System32\GDI32.dll
0x00007ffb8b930000 - 0x00007ffb8bac2000 	C:\Windows\System32\gdi32full.dll
0x00007ffb8be50000 - 0x00007ffb8beef000 	C:\Windows\System32\msvcp_win.dll
0x00007ffb8bd50000 - 0x00007ffb8be4a000 	C:\Windows\System32\ucrtbase.dll
0x00007ffb77230000 - 0x00007ffb77499000 	C:\Windows\WinSxS\amd64_microsoft.windows.common-controls_6595b64144ccf1df_6.0.17134.1_none_e4da93291059d8fb\COMCTL32.dll
0x00007ffb8cfa0000 - 0x00007ffb8d2c3000 	C:\Windows\System32\combase.dll
0x00007ffb8bfa0000 - 0x00007ffb8c01a000 	C:\Windows\System32\bcryptPrimitives.dll
0x00007ffb8c790000 - 0x00007ffb8c7bd000 	C:\Windows\System32\IMM32.DLL
0x0000000075ec0000 - 0x0000000075f92000 	C:\Program Files\Android\Android Studio\jre\jre\bin\msvcr100.dll
0x0000000076620000 - 0x0000000076e61000 	C:\Program Files\Android\Android Studio\jre\jre\bin\server\jvm.dll
0x00007ffb8cee0000 - 0x00007ffb8cee8000 	C:\Windows\System32\PSAPI.DLL
0x00007ffb87c60000 - 0x00007ffb87c83000 	C:\Windows\SYSTEM32\WINMM.dll
0x00007ffb7f7f0000 - 0x00007ffb7f7fa000 	C:\Windows\SYSTEM32\VERSION.dll
0x00007ffb87cf0000 - 0x00007ffb87cf9000 	C:\Windows\SYSTEM32\WSOCK32.dll
0x00007ffb8e930000 - 0x00007ffb8e99c000 	C:\Windows\System32\WS2_32.dll
0x00007ffb87c30000 - 0x00007ffb87c5a000 	C:\Windows\SYSTEM32\winmmbase.dll
0x00007ffb8b6d0000 - 0x00007ffb8b719000 	C:\Windows\System32\cfgmgr32.dll
0x00007ffb849b0000 - 0x00007ffb849bf000 	C:\Program Files\Android\Android Studio\jre\jre\bin\verify.dll
0x00007ffb73170000 - 0x00007ffb73199000 	C:\Program Files\Android\Android Studio\jre\jre\bin\java.dll
0x00007ffb84790000 - 0x00007ffb847a6000 	C:\Program Files\Android\Android Studio\jre\jre\bin\zip.dll
0x00007ffb8d460000 - 0x00007ffb8e8a0000 	C:\Windows\System32\SHELL32.dll
0x00007ffb8cef0000 - 0x00007ffb8cf99000 	C:\Windows\System32\shcore.dll
0x00007ffb8c020000 - 0x00007ffb8c72d000 	C:\Windows\System32\windows.storage.dll
0x00007ffb8e8d0000 - 0x00007ffb8e921000 	C:\Windows\System32\shlwapi.dll
0x00007ffb8b610000 - 0x00007ffb8b621000 	C:\Windows\System32\kernel.appcore.dll
0x00007ffb8b640000 - 0x00007ffb8b65f000 	C:\Windows\System32\profapi.dll
0x00007ffb8b680000 - 0x00007ffb8b6cc000 	C:\Windows\System32\powrprof.dll
0x00007ffb8b630000 - 0x00007ffb8b63a000 	C:\Windows\System32\FLTLIB.DLL
0x00007ffb73160000 - 0x00007ffb7316d000 	C:\Program Files\Android\Android Studio\jre\jre\bin\management.dll
0x00007ffb70cb0000 - 0x00007ffb70cca000 	C:\Program Files\Android\Android Studio\jre\jre\bin\net.dll
0x00007ffb8ae90000 - 0x00007ffb8aef6000 	C:\Windows\system32\mswsock.dll
0x00007ffb70c90000 - 0x00007ffb70ca1000 	C:\Program Files\Android\Android Studio\jre\jre\bin\nio.dll
0x00007ffb8b040000 - 0x00007ffb8b057000 	C:\Windows\SYSTEM32\CRYPTSP.dll
0x00007ffb8aa70000 - 0x00007ffb8aaa3000 	C:\Windows\system32\rsaenh.dll
0x00007ffb8b170000 - 0x00007ffb8b195000 	C:\Windows\SYSTEM32\bcrypt.dll
0x00007ffb8b540000 - 0x00007ffb8b568000 	C:\Windows\SYSTEM32\USERENV.dll
0x00007ffb8b060000 - 0x00007ffb8b06b000 	C:\Windows\SYSTEM32\CRYPTBASE.dll
0x00007ffb8ac10000 - 0x00007ffb8ac48000 	C:\Windows\SYSTEM32\IPHLPAPI.DLL
0x00007ffb8c9f0000 - 0x00007ffb8c9f8000 	C:\Windows\System32\NSI.dll
0x00007ffb82510000 - 0x00007ffb82526000 	C:\Windows\SYSTEM32\dhcpcsvc6.DLL
0x00007ffb825e0000 - 0x00007ffb825fa000 	C:\Windows\SYSTEM32\dhcpcsvc.DLL

VM Arguments:
jvm_args: -Djava.awt.headless=true -Djava.rmi.server.hostname=127.0.0.1 -Xmx1536m -Dkotlin.environment.keepalive 
java_command: org.jetbrains.kotlin.daemon.KotlinCompileDaemon --daemon-runFilesPath C:\Users\Max\AppData\Local\kotlin\daemon --daemon-autoshutdownIdleSeconds=7200 --daemon-compilerClasspath C:\Users\Max\.gradle\caches\modules-2\files-2.1\org.jetbrains.kotlin\kotlin-compiler-embeddable\1.3.21\677cc9553b8964c895abc76da9b6a0faea8f671d\kotlin-compiler-embeddable-1.3.21.jar;C:\Users\Max\.gradle\caches\modules-2\files-2.1\org.jetbrains.kotlin\kotlin-reflect\1.3.21\d0d5ff2ac2ebd8a42697af41e20fc225a23c5d3b\kotlin-reflect-1.3.21.jar;C:\Users\Max\.gradle\caches\modules-2\files-2.1\org.jetbrains.kotlin\kotlin-stdlib\1.3.21\4bcc2012b84840e19e1e28074284cac908be0295\kotlin-stdlib-1.3.21.jar;C:\Users\Max\.gradle\caches\modules-2\files-2.1\org.jetbrains.kotlin\kotlin-script-runtime\1.3.21\29363d474ee6fda354900636320a177c7286def9\kotlin-script-runtime-1.3.21.jar;C:\Users\Max\.gradle\caches\modules-2\files-2.1\org.jetbrains.intellij.deps\trove4j\1.0.20181211\216c2e14b070f334479d800987affe4054cd563f\trove4j-1.0.20181211.jar;C:\Users\Max\.gradle\caches\modules-2\files-2.1\org.jetbrains.kotlin\kotlin-stdlib-common\1.3.21\f30e4a9897913e53d778f564110bafa1fef46643\kotlin-stdlib-common-1.3.21.jar;C:\Users\Max\.gradle\caches\modules-2\files-2.1\org.jetbrains\annotations\13.0\919f0dfe192fb4e063e7dacadee7f8bb9a2672a9\annotations-13.0.jar;C:\Program Files\Android\Android Studio\jre\lib\tools.jar
java_class_path (initial): C:\Users\Max\.gradle\caches\modules-2\files-2.1\org.jetbrains.kotlin\kotlin-compiler-embeddable\1.3.21\677cc9553b8964c895abc76da9b6a0faea8f671d\kotlin-compiler-embeddable-1.3.21.jar;C:\Users\Max\.gradle\caches\modules-2\files-2.1\org.jetbrains.kotlin\kotlin-reflect\1.3.21\d0d5ff2ac2ebd8a42697af41e20fc225a23c5d3b\kotlin-reflect-1.3.21.jar;C:\Users\Max\.gradle\caches\modules-2\files-2.1\org.jetbrains.kotlin\kotlin-stdlib\1.3.21\4bcc2012b84840e19e1e28074284cac908be0295\kotlin-stdlib-1.3.21.jar;C:\Users\Max\.gradle\caches\modules-2\files-2.1\org.jetbrains.kotlin\kotlin-script-runtime\1.3.21\29363d474ee6fda354900636320a177c7286def9\kotlin-script-runtime-1.3.21.jar;C:\Users\Max\.gradle\caches\modules-2\files-2.1\org.jetbrains.intellij.deps\trove4j\1.0.20181211\216c2e14b070f334479d800987affe4054cd563f\trove4j-1.0.20181211.jar;C:\Users\Max\.gradle\caches\modules-2\files-2.1\org.jetbrains.kotlin\kotlin-stdlib-common\1.3.21\f30e4a9897913e53d778f564110bafa1fef46643\kotlin-stdlib-common-1.3.21.jar;C:\Users\Max\.gradle\caches\modules-2\files-2.1\org.jetbrains\annotations\13.0\919f0dfe192fb4e063e7dacadee7f8bb9a2672a9\annotations-13.0.jar;C:\Program Files\Android\Android Studio\jre\lib\tools.jar
Launcher Type: SUN_STANDARD

Environment Variables:
PATH=C:\ProgramData\Oracle\Java\javapath;C:\Program Files (x86)\Embarcadero\Studio\20.0\bin;C:\Users\Public\Documents\Embarcadero\Studio\20.0\Bpl;C:\Program Files (x86)\Embarcadero\Studio\20.0\bin64;C:\Users\Public\Documents\Embarcadero\Studio\20.0\Bpl\Win64;C:\ProgramData\Boxstarter;C:\Program Files (x86)\Common Files\Oracle\Java\javapath;C:\Windows\system32;C:\Windows;C:\Windows\System32\Wbem;C:\Windows\System32\WindowsPowerShell\v1.0\;C:\Windows\System32\OpenSSH\;C:\Program Files\wget;C:\OSPanel\modules\php\PHP-5.6;C:\ProgramData\ComposerSetup\bin;C:\Program Files\Java\jdk-10.0.2\bin\;C:\Program Files\Git\cmd;C:\Program Files (x86)\Common Files\Acronis\SnapAPI\;C:\ProgramData\chocolatey\bin;C:\Program Files\nodejs\;C:\Program Files (x86)\Yarn\bin\;C:\Users\Max\AppData\Local\Programs\Python\Python37-32\;C:\Users\Max\AppData\Local\Programs\Python\Python37-32\Scripts\;C:\Users\Max\AppData\Local\Microsoft\WindowsApps;C:\Users\Max\AppData\Roaming\Composer\vendor\bin;C:\Users\Max\AppData\Local\Android\sdk\platform-tools;C:\Users\Max\AppData\Roaming\npm;C:\Users\Max\AppData\Local\Yarn\bin;C:\Program Files\heroku\bin;C:\Users\Max\AppData\Local\nvs\
USERNAME=Max
OS=Windows_NT
PROCESSOR_IDENTIFIER=Intel64 Family 6 Model 78 Stepping 3, GenuineIntel



---------------  S Y S T E M  ---------------

OS: Windows 10.0 , 64 bit Build 17134 (10.0.17134.1)

CPU:total 4 (initial active 4) (2 cores per cpu, 2 threads per core) family 6 model 78 stepping 3, cmov, cx8, fxsr, mmx, sse, sse2, sse3, ssse3, sse4.1, sse4.2, popcnt, avx, avx2, aes, clmul, erms, 3dnowpref, lzcnt, ht, tsc, tscinvbit, bmi1, bmi2, adx

Memory: 4k page, physical 11988036k(882644k free), swap 18328644k(4184k free)

vm_info: OpenJDK 64-Bit Server VM (25.152-b01) for windows-amd64 JRE (1.8.0_152-release-1248-b01), built by "builder" with MS VC++ 10.0 (VS2010)

time: Sun May 19 12:18:44 2019
elapsed time: 5 seconds (0d 0h 0m 5s)

