#
# There is insufficient memory for the Java Runtime Environment to continue.
# Native memory allocation (malloc) failed to allocate 372096 bytes for Chunk::new
# Possible reasons:
#   The system is out of physical RAM or swap space
#   In 32 bit mode, the process size limit was hit
# Possible solutions:
#   Reduce memory load on the system
#   Increase physical memory or swap space
#   Check if swap backing store is full
#   Use 64 bit Java on a 64 bit OS
#   Decrease Java heap size (-Xmx/-Xms)
#   Decrease number of Java threads
#   Decrease Java thread stack sizes (-Xss)
#   Set larger code cache with -XX:ReservedCodeCacheSize=
# This output file may be truncated or incomplete.
#
#  Out of Memory Error (allocation.cpp:390), pid=4784, tid=0x0000000000005164
#
# JRE version: OpenJDK Runtime Environment (8.0_152-b01) (build 1.8.0_152-release-1248-b01)
# Java VM: OpenJDK 64-Bit Server VM (25.152-b01 mixed mode windows-amd64 compressed oops)
# Failed to write core dump. Minidumps are not enabled by default on client versions of Windows
#

---------------  T H R E A D  ---------------

Current thread (0x000000001931d000):  JavaThread "C2 CompilerThread0" daemon [_thread_in_native, id=20836, stack(0x000000001a960000,0x000000001aa60000)]

Stack: [0x000000001a960000,0x000000001aa60000]
[error occurred during error reporting (printing stack bounds), id 0xc0000005]

Native frames: (J=compiled Java code, j=interpreted, Vv=VM code, C=native code)


Current CompileTask:
C2:   5446 4793       4       java.net.URLStreamHandler::sameFile (136 bytes)


---------------  P R O C E S S  ---------------

Java Threads: ( => current thread )
  0x000000001936d000 JavaThread "Service Thread" daemon [_thread_blocked, id=11256, stack(0x000000001b060000,0x000000001b160000)]
  0x0000000019322000 JavaThread "C1 CompilerThread2" daemon [_thread_blocked, id=2032, stack(0x000000001ab60000,0x000000001ac60000)]
  0x0000000019321000 JavaThread "C2 CompilerThread1" daemon [_thread_blocked, id=21120, stack(0x000000001aa60000,0x000000001ab60000)]
=>0x000000001931d000 JavaThread "C2 CompilerThread0" daemon [_thread_in_native, id=20836, stack(0x000000001a960000,0x000000001aa60000)]
  0x000000001931c000 JavaThread "Attach Listener" daemon [_thread_blocked, id=15548, stack(0x000000001a860000,0x000000001a960000)]
  0x000000001931a800 JavaThread "Signal Dispatcher" daemon [_thread_blocked, id=20868, stack(0x000000001a760000,0x000000001a860000)]
  0x00000000026dc000 JavaThread "Finalizer" daemon [_thread_blocked, id=9828, stack(0x000000001a570000,0x000000001a670000)]
  0x00000000192d8000 JavaThread "Reference Handler" daemon [_thread_blocked, id=25304, stack(0x000000001a470000,0x000000001a570000)]
  0x00000000025e6000 JavaThread "main" [_thread_in_Java, id=25976, stack(0x0000000002440000,0x0000000002540000)]

Other Threads:
  0x00000000192d6000 VMThread [stack: 0x000000001a370000,0x000000001a470000] [id=19684]
  0x000000001936e000 WatcherThread [stack: 0x000000001b160000,0x000000001b260000] [id=416]

VM state:not at safepoint (normal execution)

VM Mutex/Monitor currently owned by a thread: None

Heap:
 PSYoungGen      total 64000K, used 20064K [0x0000000783000000, 0x000000078c400000, 0x00000007c0000000)
  eden space 56320K, 22% used [0x0000000783000000,0x0000000783c1a838,0x0000000786700000)
  from space 7680K, 99% used [0x0000000787780000,0x0000000787efdad8,0x0000000787f00000)
  to   space 16896K, 0% used [0x0000000786700000,0x0000000786700000,0x0000000787780000)
 ParOldGen       total 114688K, used 19670K [0x0000000709000000, 0x0000000710000000, 0x0000000783000000)
  object space 114688K, 17% used [0x0000000709000000,0x000000070a335a98,0x0000000710000000)
 Metaspace       used 39766K, capacity 40461K, committed 40880K, reserved 1085440K
  class space    used 5006K, capacity 5171K, committed 5296K, reserved 1048576K

Card table byte_map: [0x0000000011aa0000,0x0000000012060000] byte_map_base: 0x000000000e258000

Marking Bits: (ParMarkBitMap*) 0x0000000076de5aa0
 Begin Bits: [0x0000000012830000, 0x00000000155f0000)
 End Bits:   [0x00000000155f0000, 0x00000000183b0000)

Polling page: 0x0000000000540000

CodeCache: size=245760Kb used=14673Kb max_used=14673Kb free=231086Kb
 bounds [0x00000000026e0000, 0x0000000003540000, 0x00000000116e0000]
 total_blobs=5252 nmethods=4807 adapters=357
 compilation: enabled

Compilation events (10 events):
Event: 5.441 Thread 0x0000000019322000 4811       3       org.jetbrains.kotlin.types.FlexibleTypesKt::lowerIfFlexible (57 bytes)
Event: 5.441 Thread 0x0000000019322000 nmethod 4811 0x00000000035372d0 code [0x00000000035374a0, 0x0000000003537d08]
Event: 5.441 Thread 0x0000000019322000 4813       1       org.jetbrains.kotlin.resolve.calls.model.ResolvedCallImpl::getDispatchReceiver (5 bytes)
Event: 5.442 Thread 0x0000000019322000 nmethod 4813 0x000000000353c750 code [0x000000000353c8a0, 0x000000000353c9b0]
Event: 5.442 Thread 0x0000000019322000 4812       3       org.jetbrains.kotlin.utils.SmartList::add (149 bytes)
Event: 5.442 Thread 0x0000000019322000 nmethod 4812 0x000000000353ca10 code [0x000000000353cbc0, 0x000000000353d568]
Event: 5.442 Thread 0x0000000019322000 4814       1       org.jetbrains.kotlin.resolve.calls.model.ResolvedCallImpl::getExtensionReceiver (5 bytes)
Event: 5.442 Thread 0x0000000019322000 nmethod 4814 0x000000000353d890 code [0x000000000353d9e0, 0x000000000353daf0]
Event: 5.443 Thread 0x0000000019322000 4815       3       org.jetbrains.kotlin.types.SpecialTypesKt::isDefinitelyNotNullType (14 bytes)
Event: 5.443 Thread 0x0000000019322000 nmethod 4815 0x000000000353db50 code [0x000000000353dce0, 0x000000000353e098]

GC Heap History (10 events):
Event: 2.555 GC heap before
{Heap before GC invocations=4 (full 1):
 PSYoungGen      total 54784K, used 47104K [0x0000000783000000, 0x0000000789b00000, 0x00000007c0000000)
  eden space 47104K, 100% used [0x0000000783000000,0x0000000785e00000,0x0000000785e00000)
  from space 7680K, 0% used [0x0000000786580000,0x0000000786580000,0x0000000786d00000)
  to   space 7680K, 0% used [0x0000000785e00000,0x0000000785e00000,0x0000000786580000)
 ParOldGen       total 91648K, used 10972K [0x0000000709000000, 0x000000070e980000, 0x0000000783000000)
  object space 91648K, 11% used [0x0000000709000000,0x0000000709ab7250,0x000000070e980000)
 Metaspace       used 26594K, capacity 27010K, committed 27440K, reserved 1073152K
  class space    used 3455K, capacity 3609K, committed 3632K, reserved 1048576K
Event: 2.574 GC heap after
Heap after GC invocations=4 (full 1):
 PSYoungGen      total 54784K, used 7674K [0x0000000783000000, 0x0000000787f00000, 0x00000007c0000000)
  eden space 47104K, 0% used [0x0000000783000000,0x0000000783000000,0x0000000785e00000)
  from space 7680K, 99% used [0x0000000785e00000,0x000000078657e950,0x0000000786580000)
  to   space 7680K, 0% used [0x0000000787780000,0x0000000787780000,0x0000000787f00000)
 ParOldGen       total 91648K, used 14789K [0x0000000709000000, 0x000000070e980000, 0x0000000783000000)
  object space 91648K, 16% used [0x0000000709000000,0x0000000709e71768,0x000000070e980000)
 Metaspace       used 26594K, capacity 27010K, committed 27440K, reserved 1073152K
  class space    used 3455K, capacity 3609K, committed 3632K, reserved 1048576K
}
Event: 3.715 GC heap before
{Heap before GC invocations=5 (full 1):
 PSYoungGen      total 54784K, used 54778K [0x0000000783000000, 0x0000000787f00000, 0x00000007c0000000)
  eden space 47104K, 100% used [0x0000000783000000,0x0000000785e00000,0x0000000785e00000)
  from space 7680K, 99% used [0x0000000785e00000,0x000000078657e950,0x0000000786580000)
  to   space 7680K, 0% used [0x0000000787780000,0x0000000787780000,0x0000000787f00000)
 ParOldGen       total 91648K, used 14789K [0x0000000709000000, 0x000000070e980000, 0x0000000783000000)
  object space 91648K, 16% used [0x0000000709000000,0x0000000709e71768,0x000000070e980000)
 Metaspace       used 34673K, capacity 35167K, committed 35376K, reserved 1079296K
  class space    used 4501K, capacity 4638K, committed 4656K, reserved 1048576K
Event: 3.735 GC heap after
Heap after GC invocations=5 (full 1):
 PSYoungGen      total 73216K, used 7655K [0x0000000783000000, 0x0000000787f00000, 0x00000007c0000000)
  eden space 65536K, 0% used [0x0000000783000000,0x0000000783000000,0x0000000787000000)
  from space 7680K, 99% used [0x0000000787780000,0x0000000787ef9fd8,0x0000000787f00000)
  to   space 7680K, 0% used [0x0000000787000000,0x0000000787000000,0x0000000787780000)
 ParOldGen       total 91648K, used 24947K [0x0000000709000000, 0x000000070e980000, 0x0000000783000000)
  object space 91648K, 27% used [0x0000000709000000,0x000000070a85cef0,0x000000070e980000)
 Metaspace       used 34673K, capacity 35167K, committed 35376K, reserved 1079296K
  class space    used 4501K, capacity 4638K, committed 4656K, reserved 1048576K
}
Event: 3.739 GC heap before
{Heap before GC invocations=6 (full 1):
 PSYoungGen      total 73216K, used 8939K [0x0000000783000000, 0x0000000787f00000, 0x00000007c0000000)
  eden space 65536K, 1% used [0x0000000783000000,0x0000000783140ce0,0x0000000787000000)
  from space 7680K, 99% used [0x0000000787780000,0x0000000787ef9fd8,0x0000000787f00000)
  to   space 7680K, 0% used [0x0000000787000000,0x0000000787000000,0x0000000787780000)
 ParOldGen       total 91648K, used 24947K [0x0000000709000000, 0x000000070e980000, 0x0000000783000000)
  object space 91648K, 27% used [0x0000000709000000,0x000000070a85cef0,0x000000070e980000)
 Metaspace       used 34690K, capacity 35231K, committed 35496K, reserved 1081344K
  class space    used 4504K, capacity 4638K, committed 4656K, reserved 1048576K
Event: 3.748 GC heap after
Heap after GC invocations=6 (full 1):
 PSYoungGen      total 73216K, used 7655K [0x0000000783000000, 0x0000000787f00000, 0x00000007c0000000)
  eden space 65536K, 0% used [0x0000000783000000,0x0000000783000000,0x0000000787000000)
  from space 7680K, 99% used [0x0000000787000000,0x0000000787779fd8,0x0000000787780000)
  to   space 7680K, 0% used [0x0000000787780000,0x0000000787780000,0x0000000787f00000)
 ParOldGen       total 91648K, used 24955K [0x0000000709000000, 0x000000070e980000, 0x0000000783000000)
  object space 91648K, 27% used [0x0000000709000000,0x000000070a85eef0,0x000000070e980000)
 Metaspace       used 34690K, capacity 35231K, committed 35496K, reserved 1081344K
  class space    used 4504K, capacity 4638K, committed 4656K, reserved 1048576K
}
Event: 3.748 GC heap before
{Heap before GC invocations=7 (full 2):
 PSYoungGen      total 73216K, used 7655K [0x0000000783000000, 0x0000000787f00000, 0x00000007c0000000)
  eden space 65536K, 0% used [0x0000000783000000,0x0000000783000000,0x0000000787000000)
  from space 7680K, 99% used [0x0000000787000000,0x0000000787779fd8,0x0000000787780000)
  to   space 7680K, 0% used [0x0000000787780000,0x0000000787780000,0x0000000787f00000)
 ParOldGen       total 91648K, used 24955K [0x0000000709000000, 0x000000070e980000, 0x0000000783000000)
  object space 91648K, 27% used [0x0000000709000000,0x000000070a85eef0,0x000000070e980000)
 Metaspace       used 34690K, capacity 35231K, committed 35496K, reserved 1081344K
  class space    used 4504K, capacity 4638K, committed 4656K, reserved 1048576K
Event: 3.840 GC heap after
Heap after GC invocations=7 (full 2):
 PSYoungGen      total 73216K, used 0K [0x0000000783000000, 0x0000000787f00000, 0x00000007c0000000)
  eden space 65536K, 0% used [0x0000000783000000,0x0000000783000000,0x0000000787000000)
  from space 7680K, 0% used [0x0000000787000000,0x0000000787000000,0x0000000787780000)
  to   space 7680K, 0% used [0x0000000787780000,0x0000000787780000,0x0000000787f00000)
 ParOldGen       total 114688K, used 14907K [0x0000000709000000, 0x0000000710000000, 0x0000000783000000)
  object space 114688K, 12% used [0x0000000709000000,0x0000000709e8ed90,0x0000000710000000)
 Metaspace       used 34690K, capacity 35231K, committed 35496K, reserved 1081344K
  class space    used 4504K, capacity 4638K, committed 4656K, reserved 1048576K
}
Event: 5.238 GC heap before
{Heap before GC invocations=8 (full 2):
 PSYoungGen      total 73216K, used 65536K [0x0000000783000000, 0x0000000787f00000, 0x00000007c0000000)
  eden space 65536K, 100% used [0x0000000783000000,0x0000000787000000,0x0000000787000000)
  from space 7680K, 0% used [0x0000000787000000,0x0000000787000000,0x0000000787780000)
  to   space 7680K, 0% used [0x0000000787780000,0x0000000787780000,0x0000000787f00000)
 ParOldGen       total 114688K, used 14907K [0x0000000709000000, 0x0000000710000000, 0x0000000783000000)
  object space 114688K, 12% used [0x0000000709000000,0x0000000709e8ed90,0x0000000710000000)
 Metaspace       used 38506K, capacity 39115K, committed 39344K, reserved 1083392K
  class space    used 4850K, capacity 4996K, committed 5040K, reserved 1048576K
Event: 5.251 GC heap after
Heap after GC invocations=8 (full 2):
 PSYoungGen      total 64000K, used 7670K [0x0000000783000000, 0x000000078c400000, 0x00000007c0000000)
  eden space 56320K, 0% used [0x0000000783000000,0x0000000783000000,0x0000000786700000)
  from space 7680K, 99% used [0x0000000787780000,0x0000000787efdad8,0x0000000787f00000)
  to   space 16896K, 0% used [0x0000000786700000,0x0000000786700000,0x0000000787780000)
 ParOldGen       total 114688K, used 19670K [0x0000000709000000, 0x0000000710000000, 0x0000000783000000)
  object space 114688K, 17% used [0x0000000709000000,0x000000070a335a98,0x0000000710000000)
 Metaspace       used 38506K, capacity 39115K, committed 39344K, reserved 1083392K
  class space    used 4850K, capacity 4996K, committed 5040K, reserved 1048576K
}

Deoptimization events (10 events):
Event: 5.206 Thread 0x00000000025e6000 Uncommon trap: reason=class_check action=maybe_recompile pc=0x00000000034ba5b0 method=org.jetbrains.kotlin.types.AbstractTypeConstructor.getSupertypes()Ljava/util/Collection; @ 4
Event: 5.206 Thread 0x00000000025e6000 Uncommon trap: reason=class_check action=maybe_recompile pc=0x00000000034ba5b0 method=org.jetbrains.kotlin.types.AbstractTypeConstructor.getSupertypes()Ljava/util/Collection; @ 4
Event: 5.206 Thread 0x00000000025e6000 Uncommon trap: reason=class_check action=maybe_recompile pc=0x00000000034ba5b0 method=org.jetbrains.kotlin.types.AbstractTypeConstructor.getSupertypes()Ljava/util/Collection; @ 4
Event: 5.263 Thread 0x00000000025e6000 Uncommon trap: reason=unstable_if action=reinterpret pc=0x00000000034db67c method=org.jetbrains.kotlin.types.TypeSubstitutor.substitute(Lorg/jetbrains/kotlin/types/TypeProjection;)Lorg/jetbrains/kotlin/types/TypeProjection; @ 23
Event: 5.308 Thread 0x00000000025e6000 Uncommon trap: reason=class_check action=maybe_recompile pc=0x0000000002e6f9e8 method=java.lang.Character.codePointAt(Ljava/lang/CharSequence;I)I @ 2
Event: 5.308 Thread 0x00000000025e6000 Uncommon trap: reason=class_check action=maybe_recompile pc=0x0000000002e6f9e8 method=java.lang.Character.codePointAt(Ljava/lang/CharSequence;I)I @ 2
Event: 5.332 Thread 0x00000000025e6000 Uncommon trap: reason=predicate action=maybe_recompile pc=0x0000000002fbc5d4 method=org.jetbrains.kotlin.com.intellij.util.text.CharArrayUtil.getChars(Ljava/lang/CharSequence;[CIII)V @ 210
Event: 5.335 Thread 0x00000000025e6000 Uncommon trap: reason=unstable_if action=reinterpret pc=0x0000000002fb5874 method=org.jetbrains.kotlin.com.intellij.util.keyFMap.ArrayBackedFMap.indexOf(I)I @ 8
Event: 5.335 Thread 0x00000000025e6000 Uncommon trap: reason=unstable_if action=reinterpret pc=0x0000000002fb27a0 method=org.jetbrains.kotlin.com.intellij.util.keyFMap.ArrayBackedFMap.indexOf(I)I @ 8
Event: 5.432 Thread 0x00000000025e6000 Uncommon trap: reason=unstable_if action=reinterpret pc=0x0000000002f6d784 method=kotlin.jvm.internal.Intrinsics.areEqual(Ljava/lang/Object;Ljava/lang/Object;)Z @ 5

Classes redefined (0 events):
No events

Internal exceptions (10 events):
Event: 2.733 Thread 0x00000000025e6000 Exception <a 'java/lang/ArrayIndexOutOfBoundsException'> (0x00000007837c2fa8) thrown at [D:\src\AOSP-openjdk-cygwin\jdk8u\hotspot\src\share\vm\runtime\sharedRuntime.cpp, line 605]
Event: 2.736 Thread 0x00000000025e6000 Exception <a 'java/lang/ArrayIndexOutOfBoundsException'> (0x00000007837d81a0) thrown at [D:\src\AOSP-openjdk-cygwin\jdk8u\hotspot\src\share\vm\runtime\sharedRuntime.cpp, line 605]
Event: 2.737 Thread 0x00000000025e6000 Exception <a 'java/lang/ArrayIndexOutOfBoundsException'> (0x00000007837e6f78) thrown at [D:\src\AOSP-openjdk-cygwin\jdk8u\hotspot\src\share\vm\runtime\sharedRuntime.cpp, line 605]
Event: 2.761 Thread 0x00000000025e6000 Exception <a 'java/lang/ArrayIndexOutOfBoundsException'> (0x000000078393cb48) thrown at [D:\src\AOSP-openjdk-cygwin\jdk8u\hotspot\src\share\vm\runtime\sharedRuntime.cpp, line 605]
Event: 2.765 Thread 0x00000000025e6000 Exception <a 'java/lang/ArrayIndexOutOfBoundsException'> (0x00000007839938d0) thrown at [D:\src\AOSP-openjdk-cygwin\jdk8u\hotspot\src\share\vm\runtime\sharedRuntime.cpp, line 605]
Event: 3.299 Thread 0x00000000025e6000 Exception <a 'java/lang/NoSuchMethodError': java.lang.Object.lambda$static$0(I)[Lorg/jetbrains/kotlin/psi/KtExpression;> (0x0000000784dde2a0) thrown at [D:\src\AOSP-openjdk-cygwin\jdk8u\hotspot\src\share\vm\interpreter\linkResolver.cpp, line 584]
Event: 3.449 Thread 0x00000000025e6000 Exception <a 'java/lang/NoSuchMethodError': java.lang.Object.lambda$static$0(I)[Lorg/jetbrains/kotlin/psi/KtDeclaration;> (0x0000000785195de0) thrown at [D:\src\AOSP-openjdk-cygwin\jdk8u\hotspot\src\share\vm\interpreter\linkResolver.cpp, line 584]
Event: 3.475 Thread 0x00000000025e6000 Implicit null exception at 0x0000000002e96792 to 0x0000000002e9697e
Event: 3.614 Thread 0x00000000025e6000 Exception <a 'java/lang/NoSuchMethodError': java.lang.Object.lambda$static$0(I)[Lorg/jetbrains/kotlin/psi/KtTypeElement;> (0x0000000785a758e0) thrown at [D:\src\AOSP-openjdk-cygwin\jdk8u\hotspot\src\share\vm\interpreter\linkResolver.cpp, line 584]
Event: 4.099 Thread 0x00000000025e6000 Exception <a 'java/lang/NoSuchMethodError': java.lang.Object.lambda$static$0(I)[Lorg/jetbrains/kotlin/com/intellij/psi/PsiClass;> (0x0000000783c8b310) thrown at [D:\src\AOSP-openjdk-cygwin\jdk8u\hotspot\src\share\vm\interpreter\linkResolver.cpp, line 584]

Events (10 events):
Event: 5.430 loading class org/jetbrains/kotlin/resolve/calls/components/ArgumentsUtilsKt$hasDefaultValue$2 done
Event: 5.430 loading class org/jetbrains/kotlin/resolve/calls/components/ArgumentsUtilsKt$isActualParameterWithCorrespondingExpectedDefault$1
Event: 5.430 loading class org/jetbrains/kotlin/resolve/calls/components/ArgumentsUtilsKt$isActualParameterWithCorrespondingExpectedDefault$1 done
Event: 5.431 loading class org/jetbrains/kotlin/load/kotlin/KotlinJvmBinaryPackageSourceElement
Event: 5.431 loading class org/jetbrains/kotlin/load/kotlin/KotlinJvmBinaryPackageSourceElement done
Event: 5.432 Thread 0x00000000025e6000 Uncommon trap: trap_request=0xffffff65 fr.pc=0x0000000002f6d784
Event: 5.432 Thread 0x00000000025e6000 DEOPT PACKING pc=0x0000000002f6d784 sp=0x000000000253d840
Event: 5.432 Thread 0x00000000025e6000 DEOPT UNPACKING pc=0x000000000272557b sp=0x000000000253d7d8 mode 2
Event: 5.440 loading class org/jetbrains/kotlin/resolve/BodyResolver$2
Event: 5.440 loading class org/jetbrains/kotlin/resolve/BodyResolver$2 done


Dynamic libraries:
0x00007ff720490000 - 0x00007ff7204c1000 	C:\Program Files\Android\Android Studio\jre\jre\bin\java.exe
0x00007ffb8f300000 - 0x00007ffb8f4e1000 	C:\Windows\SYSTEM32\ntdll.dll
0x00007ffb8f170000 - 0x00007ffb8f222000 	C:\Windows\System32\KERNEL32.DLL
0x00007ffb8bad0000 - 0x00007ffb8bd43000 	C:\Windows\System32\KERNELBASE.dll
0x00007ffb89270000 - 0x00007ffb892fb000 	C:\Windows\SYSTEM32\apphelp.dll
0x00007ffb8cae0000 - 0x00007ffb8cb81000 	C:\Windows\System32\ADVAPI32.dll
0x00007ffb8cd10000 - 0x00007ffb8cdae000 	C:\Windows\System32\msvcrt.dll
0x00007ffb8ca80000 - 0x00007ffb8cadb000 	C:\Windows\System32\sechost.dll
0x00007ffb8cdb0000 - 0x00007ffb8ced4000 	C:\Windows\System32\RPCRT4.dll
0x00007ffb8d2d0000 - 0x00007ffb8d460000 	C:\Windows\System32\USER32.dll
0x00007ffb8b910000 - 0x00007ffb8b930000 	C:\Windows\System32\win32u.dll
0x00007ffb8e8a0000 - 0x00007ffb8e8c8000 	C:\Windows\System32\GDI32.dll
0x00007ffb8b930000 - 0x00007ffb8bac2000 	C:\Windows\System32\gdi32full.dll
0x00007ffb8be50000 - 0x00007ffb8beef000 	C:\Windows\System32\msvcp_win.dll
0x00007ffb8bd50000 - 0x00007ffb8be4a000 	C:\Windows\System32\ucrtbase.dll
0x00007ffb77230000 - 0x00007ffb77499000 	C:\Windows\WinSxS\amd64_microsoft.windows.common-controls_6595b64144ccf1df_6.0.17134.1_none_e4da93291059d8fb\COMCTL32.dll
0x00007ffb8cfa0000 - 0x00007ffb8d2c3000 	C:\Windows\System32\combase.dll
0x00007ffb8bfa0000 - 0x00007ffb8c01a000 	C:\Windows\System32\bcryptPrimitives.dll
0x00007ffb8c790000 - 0x00007ffb8c7bd000 	C:\Windows\System32\IMM32.DLL
0x0000000075ec0000 - 0x0000000075f92000 	C:\Program Files\Android\Android Studio\jre\jre\bin\msvcr100.dll
0x0000000076620000 - 0x0000000076e61000 	C:\Program Files\Android\Android Studio\jre\jre\bin\server\jvm.dll
0x00007ffb8cee0000 - 0x00007ffb8cee8000 	C:\Windows\System32\PSAPI.DLL
0x00007ffb87c60000 - 0x00007ffb87c83000 	C:\Windows\SYSTEM32\WINMM.dll
0x00007ffb87cf0000 - 0x00007ffb87cf9000 	C:\Windows\SYSTEM32\WSOCK32.dll
0x00007ffb7f7f0000 - 0x00007ffb7f7fa000 	C:\Windows\SYSTEM32\VERSION.dll
0x00007ffb8e930000 - 0x00007ffb8e99c000 	C:\Windows\System32\WS2_32.dll
0x00007ffb87c30000 - 0x00007ffb87c5a000 	C:\Windows\SYSTEM32\WINMMBASE.dll
0x00007ffb8b6d0000 - 0x00007ffb8b719000 	C:\Windows\System32\cfgmgr32.dll
0x00007ffb849b0000 - 0x00007ffb849bf000 	C:\Program Files\Android\Android Studio\jre\jre\bin\verify.dll
0x00007ffb73170000 - 0x00007ffb73199000 	C:\Program Files\Android\Android Studio\jre\jre\bin\java.dll
0x00007ffb84790000 - 0x00007ffb847a6000 	C:\Program Files\Android\Android Studio\jre\jre\bin\zip.dll
0x00007ffb8d460000 - 0x00007ffb8e8a0000 	C:\Windows\System32\SHELL32.dll
0x00007ffb8cef0000 - 0x00007ffb8cf99000 	C:\Windows\System32\shcore.dll
0x00007ffb8c020000 - 0x00007ffb8c72d000 	C:\Windows\System32\windows.storage.dll
0x00007ffb8e8d0000 - 0x00007ffb8e921000 	C:\Windows\System32\shlwapi.dll
0x00007ffb8b610000 - 0x00007ffb8b621000 	C:\Windows\System32\kernel.appcore.dll
0x00007ffb8b640000 - 0x00007ffb8b65f000 	C:\Windows\System32\profapi.dll
0x00007ffb8b680000 - 0x00007ffb8b6cc000 	C:\Windows\System32\powrprof.dll
0x00007ffb8b630000 - 0x00007ffb8b63a000 	C:\Windows\System32\FLTLIB.DLL
0x00007ffb70cb0000 - 0x00007ffb70cca000 	C:\Program Files\Android\Android Studio\jre\jre\bin\net.dll
0x00007ffb8ae90000 - 0x00007ffb8aef6000 	C:\Windows\system32\mswsock.dll
0x00007ffb70c90000 - 0x00007ffb70ca1000 	C:\Program Files\Android\Android Studio\jre\jre\bin\nio.dll

VM Arguments:
java_command: org.jetbrains.kotlin.cli.jvm.K2JVMCompiler -Xadd-compiler-builtins -Xbuild-file=C:\Users\Max\AppData\Local\Temp\kjps3705556227123221151app_debug.script.xml -classpath C:\Users\Max\.gradle\caches\transforms-1\files-1.1\design-28.0.0.aar\342a47fbb998d73e37cd3241c2132e37\jars\classes.jar;C:\Users\Max\.gradle\caches\transforms-1\files-1.1\edittext-password-1.0.0.aar\93876d3e62d170ad69e69899ecf21b9b\jars\classes.jar;C:\Users\Max\.gradle\caches\transforms-1\files-1.1\materialroundbutton-1.0.0.aar\51b81d785c44b2cda2cbdad1c26b5129\jars\classes.jar;C:\Users\Max\.gradle\caches\transforms-1\files-1.1\library-2.1.4.aar\8183cc3a67daa73a7fa016f96bad16f9\jars\classes.jar;C:\Users\Max\.gradle\caches\transforms-1\files-1.1\Bungee-master-SNAPSHOT.aar\939388a50c59ec0fcbb622a222970509\jars\classes.jar;C:\Users\Max\.gradle\caches\transforms-1\files-1.1\ReadableBottomBar-0.2.aar\79026c7dfc1e64e30c898d5945e8ebcc\jars\classes.jar;C:\Users\Max\.gradle\caches\transforms-1\files-1.1\materialshadows-1.2.5.aar\e5d7dcd4c030928941d93c2459eaa628\jars\classes.jar;C:\Users\Max\.gradle\caches\transforms-1\files-1.1\checkbox-1.0.10.aar\ed4a342e54cf401876fe6632a0ba5bf5\jars\classes.jar;C:\Users\Max\.gradle\caches\transforms-1\files-1.1\calendarview-3.6.0.aar\57e9c9c5ba0bfa7e7508e2a807dd1b88\jars\classes.jar;C:\Users\Max\.gradle\caches\transforms-1\files-1.1\app-1.1.2.aar\3adbff41b4fd431de5b2a2fc378fdd66\jars\classes.jar;C:\Users\Max\.gradle\caches\transforms-1\files-1.1\viewpagerdotsindicator-3.0.3.aar\be3b352ad1468f72fe62682c6b3288f0\jars\classes.jar;C:\Users\Max\.gradle\caches\transforms-1\files-1.1\appcompat-v7-28.0.0.aar\746da8294bfb9a504c9aeeb3ffdbe691\jars\classes.jar;C:\Users\Max\.gradle\caches\transforms-1\files-1.1\cardview-v7-28.0.0.aar\09eaa0dbe95ae7fa0df9ff1270e82287\jars\classes.jar;C:\Users\Max\.gradle\caches\transforms-1\files-1.1\constraint-layout-1.1.3.aar\04b872ce89488ceb913160d289af69b5\jars\classes.jar;C:\Users\Max\.gradle\caches\modules-2\files-2.1\org.jetbrains.kot
java_class_path (initial): C:\Users\Max\.gradle\caches\modules-2\files-2.1\org.jetbrains.kotlin\kotlin-compiler-embeddable\1.3.21\677cc9553b8964c895abc76da9b6a0faea8f671d\kotlin-compiler-embeddable-1.3.21.jar;C:\Users\Max\.gradle\caches\modules-2\files-2.1\org.jetbrains.kotlin\kotlin-reflect\1.3.21\d0d5ff2ac2ebd8a42697af41e20fc225a23c5d3b\kotlin-reflect-1.3.21.jar;C:\Users\Max\.gradle\caches\modules-2\files-2.1\org.jetbrains.kotlin\kotlin-stdlib\1.3.21\4bcc2012b84840e19e1e28074284cac908be0295\kotlin-stdlib-1.3.21.jar;C:\Users\Max\.gradle\caches\modules-2\files-2.1\org.jetbrains.kotlin\kotlin-script-runtime\1.3.21\29363d474ee6fda354900636320a177c7286def9\kotlin-script-runtime-1.3.21.jar;C:\Users\Max\.gradle\caches\modules-2\files-2.1\org.jetbrains.intellij.deps\trove4j\1.0.20181211\216c2e14b070f334479d800987affe4054cd563f\trove4j-1.0.20181211.jar;C:\Users\Max\.gradle\caches\modules-2\files-2.1\org.jetbrains.kotlin\kotlin-stdlib-common\1.3.21\f30e4a9897913e53d778f564110bafa1fef46643\kotlin-stdlib-common-1.3.21.jar;C:\Users\Max\.gradle\caches\modules-2\files-2.1\org.jetbrains\annotations\13.0\919f0dfe192fb4e063e7dacadee7f8bb9a2672a9\annotations-13.0.jar;C:\Program Files\Android\Android Studio\jre\lib\tools.jar
Launcher Type: SUN_STANDARD

Environment Variables:
PATH=C:\ProgramData\Oracle\Java\javapath;C:\Program Files (x86)\Embarcadero\Studio\20.0\bin;C:\Users\Public\Documents\Embarcadero\Studio\20.0\Bpl;C:\Program Files (x86)\Embarcadero\Studio\20.0\bin64;C:\Users\Public\Documents\Embarcadero\Studio\20.0\Bpl\Win64;C:\ProgramData\Boxstarter;C:\Program Files (x86)\Common Files\Oracle\Java\javapath;C:\Windows\system32;C:\Windows;C:\Windows\System32\Wbem;C:\Windows\System32\WindowsPowerShell\v1.0\;C:\Windows\System32\OpenSSH\;C:\Program Files\wget;C:\OSPanel\modules\php\PHP-5.6;C:\ProgramData\ComposerSetup\bin;C:\Program Files\Java\jdk-10.0.2\bin\;C:\Program Files\Git\cmd;C:\Program Files (x86)\Common Files\Acronis\SnapAPI\;C:\ProgramData\chocolatey\bin;C:\Program Files\nodejs\;C:\Program Files (x86)\Yarn\bin\;C:\Users\Max\AppData\Local\Programs\Python\Python37-32\;C:\Users\Max\AppData\Local\Programs\Python\Python37-32\Scripts\;C:\Users\Max\AppData\Local\Microsoft\WindowsApps;C:\Users\Max\AppData\Roaming\Composer\vendor\bin;C:\Users\Max\AppData\Local\Android\sdk\platform-tools;C:\Users\Max\AppData\Roaming\npm;C:\Users\Max\AppData\Local\Yarn\bin;C:\Program Files\heroku\bin;C:\Users\Max\AppData\Local\nvs\
USERNAME=Max
OS=Windows_NT
PROCESSOR_IDENTIFIER=Intel64 Family 6 Model 78 Stepping 3, GenuineIntel



---------------  S Y S T E M  ---------------

OS: Windows 10.0 , 64 bit Build 17134 (10.0.17134.1)

CPU:total 4 (initial active 4) (2 cores per cpu, 2 threads per core) family 6 model 78 stepping 3, cmov, cx8, fxsr, mmx, sse, sse2, sse3, ssse3, sse4.1, sse4.2, popcnt, avx, avx2, aes, clmul, erms, 3dnowpref, lzcnt, ht, tsc, tscinvbit, bmi1, bmi2, adx

Memory: 4k page, physical 11988036k(879504k free), swap 18328644k(5232k free)

vm_info: OpenJDK 64-Bit Server VM (25.152-b01) for windows-amd64 JRE (1.8.0_152-release-1248-b01), built by "builder" with MS VC++ 10.0 (VS2010)

time: Sun May 19 12:18:53 2019
elapsed time: 5 seconds (0d 0h 0m 5s)

